2025-05-06 18:38:17,347 - INFO - Successfully read yaml file.
2025-05-06 18:38:17,349 - INFO - Data ingestion started with hotel-reservation-bucket-yashmlops/hotel_reservations.csv
2025-05-06 18:38:17,349 - INFO - Data Ingestion started successfully!!
2025-05-06 18:38:17,363 - INFO - Found credentials in shared credentials file: ~/.aws/credentials
2025-05-06 18:38:19,818 - INFO - File has been loaded successfully!!
2025-05-06 18:38:20,350 - INFO - Train data has been save to artifacts/raw\train.csv
2025-05-06 18:38:20,350 - INFO - Test data has been saved to artifacts/raw\test.csv
2025-05-06 18:38:20,352 - INFO - Data Ingestion completed successfully!!
2025-05-06 18:38:20,355 - INFO - Successfully read yaml file.
2025-05-06 18:38:20,355 - INFO - Loading data from Raw Directory!
2025-05-06 18:38:20,355 - INFO - Data loading started!
2025-05-06 18:38:20,452 - INFO - Data loading successful!
2025-05-06 18:38:20,452 - INFO - Data loading started!
2025-05-06 18:38:20,484 - INFO - Data loading successful!
2025-05-06 18:38:20,485 - INFO - data_preprocessing started!
2025-05-06 18:38:20,485 - INFO - Dropping unnecessary columns!
2025-05-06 18:38:20,488 - INFO - Dropping duplicate columns!
2025-05-06 18:38:20,510 - INFO - Label encoding started!
2025-05-06 18:38:20,538 - INFO - Label Mappings are: 
2025-05-06 18:38:20,538 - INFO - type_of_meal_plan - {'Meal Plan 1': np.int64(0), 'Meal Plan 2': np.int64(1), 'Meal Plan 3': np.int64(2), 'Not Selected': np.int64(3)}
2025-05-06 18:38:20,538 - INFO - room_type_reserved - {'Room_Type 1': np.int64(0), 'Room_Type 2': np.int64(1), 'Room_Type 3': np.int64(2), 'Room_Type 4': np.int64(3), 'Room_Type 5': np.int64(4), 'Room_Type 6': np.int64(5), 'Room_Type 7': np.int64(6)}
2025-05-06 18:38:20,538 - INFO - required_car_parking_space - {np.int64(0): np.int64(0), np.int64(1): np.int64(1)}
2025-05-06 18:38:20,538 - INFO - market_segment_type - {'Aviation': np.int64(0), 'Complementary': np.int64(1), 'Corporate': np.int64(2), 'Offline': np.int64(3), 'Online': np.int64(4)}
2025-05-06 18:38:20,538 - INFO - booking_status - {'Canceled': np.int64(0), 'Not_Canceled': np.int64(1)}
2025-05-06 18:38:20,538 - INFO - repeated_guest - {np.int64(0): np.int64(0), np.int64(1): np.int64(1)}
2025-05-06 18:38:20,538 - INFO - Skewness handling started!
2025-05-06 18:38:20,545 - INFO - data_preprocessing started!
2025-05-06 18:38:20,545 - INFO - Dropping unnecessary columns!
2025-05-06 18:38:20,547 - INFO - Dropping duplicate columns!
2025-05-06 18:38:20,555 - INFO - Label encoding started!
2025-05-06 18:38:20,566 - INFO - Label Mappings are: 
2025-05-06 18:38:20,566 - INFO - type_of_meal_plan - {'Meal Plan 1': np.int64(0), 'Meal Plan 2': np.int64(1), 'Not Selected': np.int64(2)}
2025-05-06 18:38:20,566 - INFO - room_type_reserved - {'Room_Type 1': np.int64(0), 'Room_Type 2': np.int64(1), 'Room_Type 3': np.int64(2), 'Room_Type 4': np.int64(3), 'Room_Type 5': np.int64(4), 'Room_Type 6': np.int64(5), 'Room_Type 7': np.int64(6)}
2025-05-06 18:38:20,566 - INFO - required_car_parking_space - {np.int64(0): np.int64(0), np.int64(1): np.int64(1)}
2025-05-06 18:38:20,567 - INFO - market_segment_type - {'Aviation': np.int64(0), 'Complementary': np.int64(1), 'Corporate': np.int64(2), 'Offline': np.int64(3), 'Online': np.int64(4)}
2025-05-06 18:38:20,567 - INFO - booking_status - {'Canceled': np.int64(0), 'Not_Canceled': np.int64(1)}
2025-05-06 18:38:20,567 - INFO - repeated_guest - {np.int64(0): np.int64(0), np.int64(1): np.int64(1)}
2025-05-06 18:38:20,567 - INFO - Skewness handling started!
2025-05-06 18:38:20,571 - INFO - Handling data imbalancing!
2025-05-06 18:38:21,083 - INFO - Handled data imbalancing!
2025-05-06 18:38:21,087 - INFO - Handling data imbalancing!
2025-05-06 18:38:21,129 - INFO - Handled data imbalancing!
2025-05-06 18:38:21,130 - INFO - Starting feature selection.
2025-05-06 18:38:26,542 - INFO - Feature selection is done successfully!
2025-05-06 18:38:26,552 - INFO - Saving data in processed directory.
2025-05-06 18:38:26,658 - INFO - Data is been saved in artifacts/processed\processed_train_data.csv
2025-05-06 18:38:26,658 - INFO - Saving data in processed directory.
2025-05-06 18:38:26,700 - INFO - Data is been saved in artifacts/processed\processed_test_data.csv
2025-05-06 18:38:27,760 - INFO - Starting model training pipeline.
2025-05-06 18:38:27,760 - INFO - Starting MLFlow experimentation.
2025-05-06 18:38:27,760 - INFO - Logging the training and testing dataset to MLFlow.
2025-05-06 18:38:27,772 - INFO - Loading data from artifacts/processed\processed_train_data.csv
2025-05-06 18:38:27,772 - INFO - Data loading started!
2025-05-06 18:38:27,804 - INFO - Data loading successful!
2025-05-06 18:38:27,805 - INFO - Loading data from artifacts/processed\processed_test_data.csv
2025-05-06 18:38:27,805 - INFO - Data loading started!
2025-05-06 18:38:27,815 - INFO - Data loading successful!
2025-05-06 18:38:27,818 - INFO - Data splitting is successful!!
2025-05-06 18:38:27,818 - INFO - Model training started!
2025-05-06 18:38:27,818 - INFO - Starting hyperparameter tuning
2025-05-06 18:38:27,818 - INFO - Starting Model training
2025-05-06 18:40:49,410 - INFO - Hyper parameter tuning completed!
2025-05-06 18:40:49,410 - INFO - Best parameter for model: 
 {'boosting_type': 'gbdt', 'learning_rate': np.float64(0.12002603112436647), 'max_depth': 19, 'n_estimators': 183, 'num_leaves': 97}
2025-05-06 18:40:49,410 - INFO - Evaluating model.
2025-05-06 18:40:49,515 - INFO - accuracy: 0.8600689127105666
2025-05-06 18:40:49,515 - INFO - precision: 0.8727705112960761
2025-05-06 18:40:49,515 - INFO - recall: 0.8430321592649311
2025-05-06 18:40:49,515 - INFO - f1: 0.8576436222005842
2025-05-06 18:40:49,603 - INFO - Model saved successfully in artifacts/models/lgbm.pkl
2025-05-06 18:40:49,603 - INFO - Logging the model into MLFlow
2025-05-06 18:40:49,740 - INFO - Model training successfully completed!
