2025-05-01 15:38:27,551 - INFO - Successfully read yaml file.
2025-05-01 15:38:27,551 - INFO - Data ingestion started with hotel-reservation-bucket-yashmlops/hotel_reservation.csv
2025-05-01 15:38:27,552 - INFO - Data Ingestion started successfully!!
2025-05-01 15:38:27,569 - INFO - Found credentials in shared credentials file: ~/.aws/credentials
2025-05-01 15:38:29,119 - ERROR - An unexpected error occurred while downloading file
2025-05-01 15:38:29,119 - ERROR - An unexpected error occurred while Data Ingestion.
2025-05-01 15:44:06,065 - INFO - Successfully read yaml file.
2025-05-01 15:44:06,066 - INFO - Data ingestion started with hotel-reservation-bucket-yashmlops/hotel_reservation.csv
2025-05-01 15:44:06,066 - INFO - Data Ingestion started successfully!!
2025-05-01 15:44:06,086 - INFO - Found credentials in shared credentials file: ~/.aws/credentials
2025-05-01 15:44:07,105 - ERROR - An unexpected error occurred while downloading file
2025-05-01 15:44:07,105 - ERROR - An unexpected error occurred while Data Ingestion.
2025-05-01 15:49:28,225 - INFO - Successfully read yaml file.
2025-05-01 15:49:28,225 - INFO - Data ingestion started with hotel-reservation-bucket-yashmlops/hotel_reservation.csv
2025-05-01 15:49:28,226 - INFO - Data Ingestion started successfully!!
2025-05-01 15:49:28,243 - INFO - Found credentials in shared credentials file: ~/.aws/credentials
2025-05-01 15:49:29,095 - ERROR - An unexpected error occurred while downloading file
2025-05-01 15:49:29,096 - ERROR - An unexpected error occurred while Data Ingestion.
2025-05-01 15:50:10,332 - INFO - Successfully read yaml file.
2025-05-01 15:50:10,333 - INFO - Data ingestion started with hotel-reservation-bucket-yashmlops/hotel_reservation.csv
2025-05-01 15:50:10,333 - INFO - Data Ingestion started successfully!!
2025-05-01 15:50:10,356 - INFO - Found credentials in shared credentials file: ~/.aws/credentials
2025-05-01 15:50:11,445 - ERROR - An unexpected error occurred while downloading file
2025-05-01 15:50:11,445 - ERROR - An unexpected error occurred while Data Ingestion.
2025-05-01 15:51:09,267 - INFO - Successfully read yaml file.
2025-05-01 15:51:09,268 - INFO - Data ingestion started with hotel-reservation-bucket-yashmlops/hotel_reservations.csv
2025-05-01 15:51:09,268 - INFO - Data Ingestion started successfully!!
2025-05-01 15:51:09,285 - INFO - Found credentials in shared credentials file: ~/.aws/credentials
2025-05-01 15:51:10,425 - INFO - File has been loaded successfully!!
2025-05-01 15:51:10,663 - ERROR - An unexpected error occurred while splitting data.
2025-05-01 15:51:10,663 - ERROR - An unexpected error occurred while Data Ingestion.
2025-05-01 15:52:18,991 - INFO - Successfully read yaml file.
2025-05-01 15:52:18,992 - INFO - Data ingestion started with hotel-reservation-bucket-yashmlops/hotel_reservations.csv
2025-05-01 15:52:18,992 - INFO - Data Ingestion started successfully!!
2025-05-01 15:52:19,008 - INFO - Found credentials in shared credentials file: ~/.aws/credentials
2025-05-01 15:52:20,226 - INFO - File has been loaded successfully!!
2025-05-01 15:52:20,390 - ERROR - An unexpected error occurred while splitting data.
2025-05-01 15:52:20,390 - ERROR - An unexpected error occurred while Data Ingestion.
2025-05-01 15:55:12,742 - INFO - Successfully read yaml file.
2025-05-01 15:55:12,743 - INFO - Data ingestion started with hotel-reservation-bucket-yashmlops/hotel_reservations.csv
2025-05-01 15:55:12,743 - INFO - Data Ingestion started successfully!!
2025-05-01 15:55:12,755 - INFO - Found credentials in shared credentials file: ~/.aws/credentials
2025-05-01 15:55:14,045 - INFO - File has been loaded successfully!!
2025-05-01 15:55:14,449 - INFO - Train data has been save to artifacts/raw\train.csv
2025-05-01 15:55:14,450 - INFO - Test data has been saved to artifacts/raw\test.csv
2025-05-01 15:55:14,453 - INFO - Data Ingestion completed successfully!!
